error[E0080]: evaluation of constant value failed
   --> IGNORE_REST
    |
156 |                 panic!("GUID string is missing one or more separators (`-`)");
    |                 ^^^^^^^^^^^^^^^^^^^^^^^^^^^^^^^^^^^^^^^^^^^^^^^^^^^^^^^^^^^^^
    |                 |
    |                 the evaluated program panicked at 'GUID string is missing one or more separators (`-`)', IGNORE_REST
    |                 inside `Guid::parse_or_panic` at IGNORE_REST
    |
   ::: src/lib.rs:12:14
    |
12  |     let _g = guid!("01234567089ab-cdef-0123-456789abcdef");
    |              --------------------------------------------- inside `g` at IGNORE_REST
    |
    = note: this error originates in the macro `$crate::panic::panic_2021` (in Nightly builds, run with -Z macro-backtrace for more info)

For more information about this error, try `rustc --explain E0080`.
error: could not compile `uguid_compilation_test` due to previous error
